
> vite_react_shadcn_ts@0.0.0 dev
> vite


  [32m[1mVITE[22m v7.1.12[39m  [2mready in [0m[1m381[22m[2m[0m ms[22m

  [32mΓ₧£[39m  [1mLocal[22m:   [36mhttp://localhost:[1m8080[22m/[39m
  [32mΓ₧£[39m  [1mNetwork[22m: [36mhttp://192.168.56.1:[1m8080[22m/[39m
  [32mΓ₧£[39m  [1mNetwork[22m: [36mhttp://192.168.0.104:[1m8080[22m/[39m
[2m[32m  Γ₧£[39m[22m[2m  press [22m[1mh + enter[22m[2m to show help[22m
3:50:38 AM [vite] (client) Pre-transform error: Failed to resolve import "uuid" from "src/lib/meeting-utils.ts". Does the file exist?
  Plugin: vite:import-analysis
  File: C:/Projects/connectNow/src/lib/meeting-utils.ts:5:29
  1  |  /**
  2  |   * Meeting utilities for generating and managing meeting IDs and secure codes
  3  |   */ import { v4 as uuidv4 } from 'uuid';
     |                                      ^
  4  |  /**
  5  |   * Generate a secure meeting code (8-character alphanumeric)
3:50:38 AM [vite] Internal server error: Failed to resolve import "uuid" from "src/lib/meeting-utils.ts". Does the file exist?
  Plugin: vite:import-analysis
  File: C:/Projects/connectNow/src/lib/meeting-utils.ts:5:29
  1  |  /**
  2  |   * Meeting utilities for generating and managing meeting IDs and secure codes
  3  |   */ import { v4 as uuidv4 } from 'uuid';
     |                                      ^
  4  |  /**
  5  |   * Generate a secure meeting code (8-character alphanumeric)
      at TransformPluginContext._formatLog (file:///C:/Projects/connectNow/node_modules/vite/dist/node/chunks/config.js:31106:43)
      at TransformPluginContext.error (file:///C:/Projects/connectNow/node_modules/vite/dist/node/chunks/config.js:31103:14)
      at normalizeUrl (file:///C:/Projects/connectNow/node_modules/vite/dist/node/chunks/config.js:29590:18)
      at async file:///C:/Projects/connectNow/node_modules/vite/dist/node/chunks/config.js:29648:32
      at async Promise.all (index 0)
      at async TransformPluginContext.transform (file:///C:/Projects/connectNow/node_modules/vite/dist/node/chunks/config.js:29616:4)
      at async EnvironmentPluginContainer.transform (file:///C:/Projects/connectNow/node_modules/vite/dist/node/chunks/config.js:30905:14)
      at async loadAndTransform (file:///C:/Projects/connectNow/node_modules/vite/dist/node/chunks/config.js:26043:26)
      at async viteTransformMiddleware (file:///C:/Projects/connectNow/node_modules/vite/dist/node/chunks/config.js:27118:20)
